time="2023-06-17T20:37:13Z" level=info msg="TD_CONFIG not set\n"
time="2023-06-17T20:37:13Z" level=info msg="MAIN>> ============= Starting Teradata Kernel =============="
time="2023-06-17T20:37:13Z" level=info msg="Build ID = 3.4.1-d05242023"
time="2023-06-17T20:37:13Z" level=info msg="Docker Mode =  standalone"
time="2023-06-17T20:37:13Z" level=info msg="JupyterLab root directory = /teradata/proyecto/jupyter"
time="2023-06-17T20:37:13Z" level=info msg="Teradata JupyterLab kernel config: /home/azureuser/.local/share/jupyter/runtime/kernel-4a85dd57-854d-4037-9e93-445e9bd53d61.json"
time="2023-06-17T20:37:13Z" level=info msg="DBViews =  ViewsVX"
time="2023-06-17T20:37:13Z" level=info msg="RunKernel, KERNEL ID [4a85dd57-854d-4037-9e93-445e9bd53d61]"
time="2023-06-17T20:37:13Z" level=info msg="==========================="
time="2023-06-17T20:37:13Z" level=info msg="[4a85dd57-854d-4037-9e93-445e9bd53d61] ACCESS_TOKEN length = 0"
time="2023-06-17T20:37:13Z" level=info msg="[4a85dd57-854d-4037-9e93-445e9bd53d61] SYSTEM_SERVICE_URL = ''"
time="2023-06-17T20:37:13Z" level=info msg="[4a85dd57-854d-4037-9e93-445e9bd53d61] AUDIT_SERVICE_URL = ''"
time="2023-06-17T20:37:13Z" level=info msg="[4a85dd57-854d-4037-9e93-445e9bd53d61] REFRESHER_SERVICE_HOST = ''"
time="2023-06-17T20:37:13Z" level=info msg="[4a85dd57-854d-4037-9e93-445e9bd53d61] REFRESHER_SERVICE_PORT = ''"
time="2023-06-17T20:37:13Z" level=info msg="[4a85dd57-854d-4037-9e93-445e9bd53d61] SQL_ENGINE_IP = ''"
time="2023-06-17T20:37:13Z" level=info msg="[4a85dd57-854d-4037-9e93-445e9bd53d61] SITE_URL = ''"
time="2023-06-17T20:37:13Z" level=info msg="[4a85dd57-854d-4037-9e93-445e9bd53d61] SQL_ENGINE_NAME = ''"
time="2023-06-17T20:37:13Z" level=info msg="==========================="
time="2023-06-17T20:37:13Z" level=info msg="MAIN>> ============= Starting Teradata Kernel =============="
time="2023-06-17T20:37:13Z" level=info msg="Build ID = 3.4.1-d05242023"
time="2023-06-17T20:37:13Z" level=info msg="Docker Mode =  standalone"
time="2023-06-17T20:37:13Z" level=info msg="JupyterLab root directory = /teradata/proyecto/jupyter"
time="2023-06-17T20:37:13Z" level=info msg="Teradata JupyterLab kernel config: /home/azureuser/.local/share/jupyter/runtime/kernel-f348104f-081a-400e-8e1e-885ed537db01.json"
time="2023-06-17T20:37:13Z" level=info msg="DBViews =  ViewsVX"
time="2023-06-17T20:37:13Z" level=info msg="RunKernel, KERNEL ID [f348104f-081a-400e-8e1e-885ed537db01]"
time="2023-06-17T20:37:13Z" level=info msg="==========================="
time="2023-06-17T20:37:13Z" level=info msg="[f348104f-081a-400e-8e1e-885ed537db01] ACCESS_TOKEN length = 0"
time="2023-06-17T20:37:13Z" level=info msg="[f348104f-081a-400e-8e1e-885ed537db01] SYSTEM_SERVICE_URL = ''"
time="2023-06-17T20:37:13Z" level=info msg="[f348104f-081a-400e-8e1e-885ed537db01] AUDIT_SERVICE_URL = ''"
time="2023-06-17T20:37:13Z" level=info msg="[f348104f-081a-400e-8e1e-885ed537db01] REFRESHER_SERVICE_HOST = ''"
time="2023-06-17T20:37:13Z" level=info msg="[f348104f-081a-400e-8e1e-885ed537db01] REFRESHER_SERVICE_PORT = ''"
time="2023-06-17T20:37:13Z" level=info msg="[f348104f-081a-400e-8e1e-885ed537db01] SQL_ENGINE_IP = ''"
time="2023-06-17T20:37:13Z" level=info msg="[f348104f-081a-400e-8e1e-885ed537db01] SITE_URL = ''"
time="2023-06-17T20:37:13Z" level=info msg="[f348104f-081a-400e-8e1e-885ed537db01] SQL_ENGINE_NAME = ''"
time="2023-06-17T20:37:13Z" level=info msg="==========================="
time="2023-06-17T20:37:14Z" level=info msg="MAIN>> ============= Starting Teradata Kernel =============="
time="2023-06-17T20:37:14Z" level=info msg="Build ID = 3.4.1-d05242023"
time="2023-06-17T20:37:14Z" level=info msg="Docker Mode =  standalone"
time="2023-06-17T20:37:14Z" level=info msg="JupyterLab root directory = /teradata/proyecto/jupyter"
time="2023-06-17T20:37:14Z" level=info msg="Teradata JupyterLab kernel config: /home/azureuser/.local/share/jupyter/runtime/kernel-fb7c1a6d-8445-477b-a408-3bf2703d8a99.json"
time="2023-06-17T20:37:14Z" level=info msg="DBViews =  ViewsVX"
time="2023-06-17T20:37:14Z" level=info msg="RunKernel, KERNEL ID [fb7c1a6d-8445-477b-a408-3bf2703d8a99]"
time="2023-06-17T20:37:14Z" level=info msg="==========================="
time="2023-06-17T20:37:14Z" level=info msg="[fb7c1a6d-8445-477b-a408-3bf2703d8a99] ACCESS_TOKEN length = 0"
time="2023-06-17T20:37:14Z" level=info msg="[fb7c1a6d-8445-477b-a408-3bf2703d8a99] SYSTEM_SERVICE_URL = ''"
time="2023-06-17T20:37:14Z" level=info msg="[fb7c1a6d-8445-477b-a408-3bf2703d8a99] AUDIT_SERVICE_URL = ''"
time="2023-06-17T20:37:14Z" level=info msg="[fb7c1a6d-8445-477b-a408-3bf2703d8a99] REFRESHER_SERVICE_HOST = ''"
time="2023-06-17T20:37:14Z" level=info msg="[fb7c1a6d-8445-477b-a408-3bf2703d8a99] REFRESHER_SERVICE_PORT = ''"
time="2023-06-17T20:37:14Z" level=info msg="[fb7c1a6d-8445-477b-a408-3bf2703d8a99] SQL_ENGINE_IP = ''"
time="2023-06-17T20:37:14Z" level=info msg="[fb7c1a6d-8445-477b-a408-3bf2703d8a99] SITE_URL = ''"
time="2023-06-17T20:37:14Z" level=info msg="[fb7c1a6d-8445-477b-a408-3bf2703d8a99] SQL_ENGINE_NAME = ''"
time="2023-06-17T20:37:14Z" level=info msg="==========================="
time="2023-06-17T20:37:35Z" level=info msg="MAIN>> ============= Starting Teradata Kernel =============="
time="2023-06-17T20:37:35Z" level=info msg="Build ID = 3.4.1-d05242023"
time="2023-06-17T20:37:35Z" level=info msg="Docker Mode =  standalone"
time="2023-06-17T20:37:35Z" level=info msg="JupyterLab root directory = /teradata/proyecto/jupyter"
time="2023-06-17T20:37:35Z" level=info msg="Teradata JupyterLab kernel config: /home/azureuser/.local/share/jupyter/runtime/kernel-0e287e5c-a603-4404-b35b-644f2f9e3a8b.json"
time="2023-06-17T20:37:35Z" level=info msg="DBViews =  ViewsVX"
time="2023-06-17T20:37:35Z" level=info msg="RunKernel, KERNEL ID [0e287e5c-a603-4404-b35b-644f2f9e3a8b]"
time="2023-06-17T20:37:35Z" level=info msg="==========================="
time="2023-06-17T20:37:35Z" level=info msg="[0e287e5c-a603-4404-b35b-644f2f9e3a8b] ACCESS_TOKEN length = 0"
time="2023-06-17T20:37:35Z" level=info msg="[0e287e5c-a603-4404-b35b-644f2f9e3a8b] SYSTEM_SERVICE_URL = ''"
time="2023-06-17T20:37:35Z" level=info msg="[0e287e5c-a603-4404-b35b-644f2f9e3a8b] AUDIT_SERVICE_URL = ''"
time="2023-06-17T20:37:35Z" level=info msg="[0e287e5c-a603-4404-b35b-644f2f9e3a8b] REFRESHER_SERVICE_HOST = ''"
time="2023-06-17T20:37:35Z" level=info msg="[0e287e5c-a603-4404-b35b-644f2f9e3a8b] REFRESHER_SERVICE_PORT = ''"
time="2023-06-17T20:37:35Z" level=info msg="[0e287e5c-a603-4404-b35b-644f2f9e3a8b] SQL_ENGINE_IP = ''"
time="2023-06-17T20:37:35Z" level=info msg="[0e287e5c-a603-4404-b35b-644f2f9e3a8b] SITE_URL = ''"
time="2023-06-17T20:37:35Z" level=info msg="[0e287e5c-a603-4404-b35b-644f2f9e3a8b] SQL_ENGINE_NAME = ''"
time="2023-06-17T20:37:35Z" level=info msg="==========================="
time="2023-06-17T20:37:36Z" level=info msg="MAIN>> ============= Starting Teradata Kernel =============="
time="2023-06-17T20:37:36Z" level=info msg="Build ID = 3.4.1-d05242023"
time="2023-06-17T20:37:36Z" level=info msg="Docker Mode =  standalone"
time="2023-06-17T20:37:36Z" level=info msg="JupyterLab root directory = /teradata/proyecto/jupyter"
time="2023-06-17T20:37:36Z" level=info msg="Teradata JupyterLab kernel config: /home/azureuser/.local/share/jupyter/runtime/kernel-76844fee-da1d-4b2b-abfd-531b58b15ded.json"
time="2023-06-17T20:37:36Z" level=info msg="DBViews =  ViewsVX"
time="2023-06-17T20:37:36Z" level=info msg="RunKernel, KERNEL ID [76844fee-da1d-4b2b-abfd-531b58b15ded]"
time="2023-06-17T20:37:36Z" level=info msg="==========================="
time="2023-06-17T20:37:36Z" level=info msg="[76844fee-da1d-4b2b-abfd-531b58b15ded] ACCESS_TOKEN length = 0"
time="2023-06-17T20:37:36Z" level=info msg="[76844fee-da1d-4b2b-abfd-531b58b15ded] SYSTEM_SERVICE_URL = ''"
time="2023-06-17T20:37:36Z" level=info msg="[76844fee-da1d-4b2b-abfd-531b58b15ded] AUDIT_SERVICE_URL = ''"
time="2023-06-17T20:37:36Z" level=info msg="[76844fee-da1d-4b2b-abfd-531b58b15ded] REFRESHER_SERVICE_HOST = ''"
time="2023-06-17T20:37:36Z" level=info msg="[76844fee-da1d-4b2b-abfd-531b58b15ded] REFRESHER_SERVICE_PORT = ''"
time="2023-06-17T20:37:36Z" level=info msg="[76844fee-da1d-4b2b-abfd-531b58b15ded] SQL_ENGINE_IP = ''"
time="2023-06-17T20:37:36Z" level=info msg="[76844fee-da1d-4b2b-abfd-531b58b15ded] SITE_URL = ''"
time="2023-06-17T20:37:36Z" level=info msg="[76844fee-da1d-4b2b-abfd-531b58b15ded] SQL_ENGINE_NAME = ''"
time="2023-06-17T20:37:36Z" level=info msg="==========================="
time="2023-06-17T20:37:44Z" level=info msg="MAIN>> ============= Starting Teradata Kernel =============="
time="2023-06-17T20:37:44Z" level=info msg="Build ID = 3.4.1-d05242023"
time="2023-06-17T20:37:44Z" level=info msg="Docker Mode =  standalone"
time="2023-06-17T20:37:44Z" level=info msg="JupyterLab root directory = /teradata/proyecto/jupyter"
time="2023-06-17T20:37:44Z" level=info msg="Teradata JupyterLab kernel config: /home/azureuser/.local/share/jupyter/runtime/kernel-5ce91298-fcaa-4ec1-acea-7b52fdc06d81.json"
time="2023-06-17T20:37:44Z" level=info msg="DBViews =  ViewsVX"
time="2023-06-17T20:37:44Z" level=info msg="RunKernel, KERNEL ID [5ce91298-fcaa-4ec1-acea-7b52fdc06d81]"
time="2023-06-17T20:37:44Z" level=info msg="==========================="
time="2023-06-17T20:37:44Z" level=info msg="[5ce91298-fcaa-4ec1-acea-7b52fdc06d81] ACCESS_TOKEN length = 0"
time="2023-06-17T20:37:44Z" level=info msg="[5ce91298-fcaa-4ec1-acea-7b52fdc06d81] SYSTEM_SERVICE_URL = ''"
time="2023-06-17T20:37:44Z" level=info msg="[5ce91298-fcaa-4ec1-acea-7b52fdc06d81] AUDIT_SERVICE_URL = ''"
time="2023-06-17T20:37:44Z" level=info msg="[5ce91298-fcaa-4ec1-acea-7b52fdc06d81] REFRESHER_SERVICE_HOST = ''"
time="2023-06-17T20:37:44Z" level=info msg="[5ce91298-fcaa-4ec1-acea-7b52fdc06d81] REFRESHER_SERVICE_PORT = ''"
time="2023-06-17T20:37:44Z" level=info msg="[5ce91298-fcaa-4ec1-acea-7b52fdc06d81] SQL_ENGINE_IP = ''"
time="2023-06-17T20:37:44Z" level=info msg="[5ce91298-fcaa-4ec1-acea-7b52fdc06d81] SITE_URL = ''"
time="2023-06-17T20:37:44Z" level=info msg="[5ce91298-fcaa-4ec1-acea-7b52fdc06d81] SQL_ENGINE_NAME = ''"
time="2023-06-17T20:37:44Z" level=info msg="==========================="
time="2023-06-17T20:37:59Z" level=info msg="MAIN>> ============= Starting Teradata Kernel =============="
time="2023-06-17T20:37:59Z" level=info msg="Build ID = 3.4.1-d05242023"
time="2023-06-17T20:37:59Z" level=info msg="Docker Mode =  standalone"
time="2023-06-17T20:37:59Z" level=info msg="JupyterLab root directory = /teradata/proyecto/jupyter"
time="2023-06-17T20:37:59Z" level=info msg="Teradata JupyterLab kernel config: /home/azureuser/.local/share/jupyter/runtime/kernel-5d427540-3518-471e-bd40-28b87474fb49.json"
time="2023-06-17T20:37:59Z" level=info msg="DBViews =  ViewsVX"
time="2023-06-17T20:37:59Z" level=info msg="RunKernel, KERNEL ID [5d427540-3518-471e-bd40-28b87474fb49]"
time="2023-06-17T20:37:59Z" level=info msg="==========================="
time="2023-06-17T20:37:59Z" level=info msg="[5d427540-3518-471e-bd40-28b87474fb49] ACCESS_TOKEN length = 0"
time="2023-06-17T20:37:59Z" level=info msg="[5d427540-3518-471e-bd40-28b87474fb49] SYSTEM_SERVICE_URL = ''"
time="2023-06-17T20:37:59Z" level=info msg="[5d427540-3518-471e-bd40-28b87474fb49] AUDIT_SERVICE_URL = ''"
time="2023-06-17T20:37:59Z" level=info msg="[5d427540-3518-471e-bd40-28b87474fb49] REFRESHER_SERVICE_HOST = ''"
time="2023-06-17T20:37:59Z" level=info msg="[5d427540-3518-471e-bd40-28b87474fb49] REFRESHER_SERVICE_PORT = ''"
time="2023-06-17T20:37:59Z" level=info msg="[5d427540-3518-471e-bd40-28b87474fb49] SQL_ENGINE_IP = ''"
time="2023-06-17T20:37:59Z" level=info msg="[5d427540-3518-471e-bd40-28b87474fb49] SITE_URL = ''"
time="2023-06-17T20:37:59Z" level=info msg="[5d427540-3518-471e-bd40-28b87474fb49] SQL_ENGINE_NAME = ''"
time="2023-06-17T20:37:59Z" level=info msg="==========================="
time="2023-06-17T20:38:00Z" level=info msg="[f348104f-081a-400e-8e1e-885ed537db01] Kernel Interrupted"
time="2023-06-17T20:38:00Z" level=info msg="Initialize DataLoad Service, rowlimit = '100000', fastLoadRowLimit = '500000', fastLoadBlockSize = '10000000', fastLoadThreshold = '100000', fastLoadBatchSize = '100000'"
time="2023-06-17T20:38:00Z" level=info msg="[f348104f-081a-400e-8e1e-885ed537db01] Shutting down"
time="2023-06-17T20:38:06Z" level=info msg="MAIN>> ============= Starting Teradata Kernel =============="
time="2023-06-17T20:38:06Z" level=info msg="Build ID = 3.4.1-d05242023"
time="2023-06-17T20:38:06Z" level=info msg="Docker Mode =  standalone"
time="2023-06-17T20:38:06Z" level=info msg="JupyterLab root directory = /teradata/proyecto/jupyter"
time="2023-06-17T20:38:06Z" level=info msg="Teradata JupyterLab kernel config: /home/azureuser/.local/share/jupyter/runtime/kernel-b18326e5-95ca-4e80-a746-768b9dc40c22.json"
time="2023-06-17T20:38:06Z" level=info msg="DBViews =  ViewsVX"
time="2023-06-17T20:38:06Z" level=info msg="RunKernel, KERNEL ID [b18326e5-95ca-4e80-a746-768b9dc40c22]"
time="2023-06-17T20:38:06Z" level=info msg="==========================="
time="2023-06-17T20:38:06Z" level=info msg="[b18326e5-95ca-4e80-a746-768b9dc40c22] ACCESS_TOKEN length = 0"
time="2023-06-17T20:38:06Z" level=info msg="[b18326e5-95ca-4e80-a746-768b9dc40c22] SYSTEM_SERVICE_URL = ''"
time="2023-06-17T20:38:06Z" level=info msg="[b18326e5-95ca-4e80-a746-768b9dc40c22] AUDIT_SERVICE_URL = ''"
time="2023-06-17T20:38:06Z" level=info msg="[b18326e5-95ca-4e80-a746-768b9dc40c22] REFRESHER_SERVICE_HOST = ''"
time="2023-06-17T20:38:06Z" level=info msg="[b18326e5-95ca-4e80-a746-768b9dc40c22] REFRESHER_SERVICE_PORT = ''"
time="2023-06-17T20:38:06Z" level=info msg="[b18326e5-95ca-4e80-a746-768b9dc40c22] SQL_ENGINE_IP = ''"
time="2023-06-17T20:38:06Z" level=info msg="[b18326e5-95ca-4e80-a746-768b9dc40c22] SITE_URL = ''"
time="2023-06-17T20:38:06Z" level=info msg="[b18326e5-95ca-4e80-a746-768b9dc40c22] SQL_ENGINE_NAME = ''"
time="2023-06-17T20:38:06Z" level=info msg="==========================="
time="2023-06-17T20:39:05Z" level=info msg="Current profile user =  for profile = epm, user = "
time="2023-06-17T20:39:05Z" level=info msg="jwtConnect = false, appcenter = false"
time="2023-06-17T20:39:05Z" level=info msg="connectionStr =  {\"host\":\"40.121.65.25\",\"user\":\"pocuser\",\"password\":\"*****\",\"fake_result_sets\":\"true\", \"database\":\"pocuser\", \"logmech\":\"TD2\", \"encryptdata\":\"true\"}"
time="2023-06-17T20:39:06Z" level=error msg="Unable to get last insert id: [Version 17.20.22] [Session 12023] [Teradata SQL Driver] Method driver.Result.LastInsertId is not implemented yet\n at github.td.teradata.com/gosql/dbapidriver/gopath/src/gosqldriver/teradatasql.formatError ErrorUtil.go:89\n at github.td.teradata.com/gosql/dbapidriver/gopath/src/gosqldriver/teradatasql.(*teradataConnection).makeDriverError ErrorUtil.go:180\n at github.td.teradata.com/gosql/dbapidriver/gopath/src/gosqldriver/teradatasql.(*teradataResult).LastInsertId TeradataResult.go:57\n at database/sql.driverResult.LastInsertId sql.go:3421\n at github.td.teradata.com/jupyter/kernel/services/dbaccess.(*teradataStructuredSQLConnection).ExecuteSQL tddbaccess.go:585\n at github.td.teradata.com/jupyter/kernel/services/connectionmanagement.AddConnectionToMap connectionmanagementservice.go:1108\n at github.td.teradata.com/jupyter/kernel/services/connectionmanagement.getConnectResponse connectionmanagementservice.go:715\n at github.td.teradata.com/jupyter/kernel/services/connectionmanagement.(*Service).Connect.func1 connectionmanagementservice.go:475\n at github.td.teradata.com/jupyter/kernel/services/workerpool.(*Worker).Run workerpool.go:38\n at runtime.goexit asm_amd64.s:1594"
time="2023-06-18T14:37:15Z" level=info msg="TD_CONFIG not set\n"
time="2023-06-18T14:37:15Z" level=info msg="MAIN>> ============= Starting Teradata Kernel =============="
time="2023-06-18T14:37:15Z" level=info msg="Build ID = 3.4.1-d05242023"
time="2023-06-18T14:37:15Z" level=info msg="Docker Mode =  standalone"
time="2023-06-18T14:37:15Z" level=info msg="JupyterLab root directory = /teradata/proyecto/jupyter"
time="2023-06-18T14:37:15Z" level=info msg="Teradata JupyterLab kernel config: /home/azureuser/.local/share/jupyter/runtime/kernel-3f5451d2-b4cc-4a00-98bb-abe599b21048.json"
time="2023-06-18T14:37:15Z" level=info msg="DBViews =  ViewsVX"
time="2023-06-18T14:37:15Z" level=info msg="RunKernel, KERNEL ID [3f5451d2-b4cc-4a00-98bb-abe599b21048]"
time="2023-06-18T14:37:15Z" level=info msg="==========================="
time="2023-06-18T14:37:15Z" level=info msg="[3f5451d2-b4cc-4a00-98bb-abe599b21048] ACCESS_TOKEN length = 0"
time="2023-06-18T14:37:15Z" level=info msg="[3f5451d2-b4cc-4a00-98bb-abe599b21048] SYSTEM_SERVICE_URL = ''"
time="2023-06-18T14:37:15Z" level=info msg="[3f5451d2-b4cc-4a00-98bb-abe599b21048] AUDIT_SERVICE_URL = ''"
time="2023-06-18T14:37:15Z" level=info msg="[3f5451d2-b4cc-4a00-98bb-abe599b21048] REFRESHER_SERVICE_HOST = ''"
time="2023-06-18T14:37:15Z" level=info msg="[3f5451d2-b4cc-4a00-98bb-abe599b21048] REFRESHER_SERVICE_PORT = ''"
time="2023-06-18T14:37:15Z" level=info msg="[3f5451d2-b4cc-4a00-98bb-abe599b21048] SQL_ENGINE_IP = ''"
time="2023-06-18T14:37:15Z" level=info msg="[3f5451d2-b4cc-4a00-98bb-abe599b21048] SITE_URL = ''"
time="2023-06-18T14:37:15Z" level=info msg="[3f5451d2-b4cc-4a00-98bb-abe599b21048] SQL_ENGINE_NAME = ''"
time="2023-06-18T14:37:15Z" level=info msg="==========================="
time="2023-06-18T14:37:16Z" level=info msg="MAIN>> ============= Starting Teradata Kernel =============="
time="2023-06-18T14:37:16Z" level=info msg="Build ID = 3.4.1-d05242023"
time="2023-06-18T14:37:16Z" level=info msg="Docker Mode =  standalone"
time="2023-06-18T14:37:16Z" level=info msg="JupyterLab root directory = /teradata/proyecto/jupyter"
time="2023-06-18T14:37:16Z" level=info msg="Teradata JupyterLab kernel config: /home/azureuser/.local/share/jupyter/runtime/kernel-44756172-1a90-4dc1-b97c-23bfab584e58.json"
time="2023-06-18T14:37:16Z" level=info msg="DBViews =  ViewsVX"
time="2023-06-18T14:37:16Z" level=info msg="RunKernel, KERNEL ID [44756172-1a90-4dc1-b97c-23bfab584e58]"
time="2023-06-18T14:37:16Z" level=info msg="==========================="
time="2023-06-18T14:37:16Z" level=info msg="[44756172-1a90-4dc1-b97c-23bfab584e58] ACCESS_TOKEN length = 0"
time="2023-06-18T14:37:16Z" level=info msg="[44756172-1a90-4dc1-b97c-23bfab584e58] SYSTEM_SERVICE_URL = ''"
time="2023-06-18T14:37:16Z" level=info msg="[44756172-1a90-4dc1-b97c-23bfab584e58] AUDIT_SERVICE_URL = ''"
time="2023-06-18T14:37:16Z" level=info msg="[44756172-1a90-4dc1-b97c-23bfab584e58] REFRESHER_SERVICE_HOST = ''"
time="2023-06-18T14:37:16Z" level=info msg="[44756172-1a90-4dc1-b97c-23bfab584e58] REFRESHER_SERVICE_PORT = ''"
time="2023-06-18T14:37:16Z" level=info msg="[44756172-1a90-4dc1-b97c-23bfab584e58] SQL_ENGINE_IP = ''"
time="2023-06-18T14:37:16Z" level=info msg="[44756172-1a90-4dc1-b97c-23bfab584e58] SITE_URL = ''"
time="2023-06-18T14:37:16Z" level=info msg="[44756172-1a90-4dc1-b97c-23bfab584e58] SQL_ENGINE_NAME = ''"
time="2023-06-18T14:37:16Z" level=info msg="==========================="
time="2023-06-20T15:35:44Z" level=info msg="TD_CONFIG not set\n"
time="2023-06-20T15:35:44Z" level=info msg="MAIN>> ============= Starting Teradata Kernel =============="
time="2023-06-20T15:35:44Z" level=info msg="Build ID = 3.4.1-d05242023"
time="2023-06-20T15:35:44Z" level=info msg="Docker Mode =  standalone"
time="2023-06-20T15:35:44Z" level=info msg="JupyterLab root directory = /teradata/proyecto/jupyter"
time="2023-06-20T15:35:44Z" level=info msg="Teradata JupyterLab kernel config: /home/azureuser/.local/share/jupyter/runtime/kernel-4a7155a2-a602-4154-894b-5fda8d1a4978.json"
time="2023-06-20T15:35:44Z" level=info msg="DBViews =  ViewsVX"
time="2023-06-20T15:35:44Z" level=info msg="RunKernel, KERNEL ID [4a7155a2-a602-4154-894b-5fda8d1a4978]"
time="2023-06-20T15:35:44Z" level=info msg="==========================="
time="2023-06-20T15:35:44Z" level=info msg="[4a7155a2-a602-4154-894b-5fda8d1a4978] ACCESS_TOKEN length = 0"
time="2023-06-20T15:35:44Z" level=info msg="[4a7155a2-a602-4154-894b-5fda8d1a4978] SYSTEM_SERVICE_URL = ''"
time="2023-06-20T15:35:44Z" level=info msg="[4a7155a2-a602-4154-894b-5fda8d1a4978] AUDIT_SERVICE_URL = ''"
time="2023-06-20T15:35:44Z" level=info msg="[4a7155a2-a602-4154-894b-5fda8d1a4978] REFRESHER_SERVICE_HOST = ''"
time="2023-06-20T15:35:44Z" level=info msg="[4a7155a2-a602-4154-894b-5fda8d1a4978] REFRESHER_SERVICE_PORT = ''"
time="2023-06-20T15:35:44Z" level=info msg="[4a7155a2-a602-4154-894b-5fda8d1a4978] SQL_ENGINE_IP = ''"
time="2023-06-20T15:35:44Z" level=info msg="[4a7155a2-a602-4154-894b-5fda8d1a4978] SITE_URL = ''"
time="2023-06-20T15:35:44Z" level=info msg="[4a7155a2-a602-4154-894b-5fda8d1a4978] SQL_ENGINE_NAME = ''"
time="2023-06-20T15:35:44Z" level=info msg="==========================="
time="2023-06-20T15:35:45Z" level=info msg="MAIN>> ============= Starting Teradata Kernel =============="
time="2023-06-20T15:35:45Z" level=info msg="Build ID = 3.4.1-d05242023"
time="2023-06-20T15:35:45Z" level=info msg="Docker Mode =  standalone"
time="2023-06-20T15:35:45Z" level=info msg="JupyterLab root directory = /teradata/proyecto/jupyter"
time="2023-06-20T15:35:45Z" level=info msg="Teradata JupyterLab kernel config: /home/azureuser/.local/share/jupyter/runtime/kernel-d20b4dba-63ba-4c11-a313-69177595b5c3.json"
time="2023-06-20T15:35:45Z" level=info msg="DBViews =  ViewsVX"
time="2023-06-20T15:35:45Z" level=info msg="RunKernel, KERNEL ID [d20b4dba-63ba-4c11-a313-69177595b5c3]"
time="2023-06-20T15:35:45Z" level=info msg="==========================="
time="2023-06-20T15:35:45Z" level=info msg="[d20b4dba-63ba-4c11-a313-69177595b5c3] ACCESS_TOKEN length = 0"
time="2023-06-20T15:35:45Z" level=info msg="[d20b4dba-63ba-4c11-a313-69177595b5c3] SYSTEM_SERVICE_URL = ''"
time="2023-06-20T15:35:45Z" level=info msg="[d20b4dba-63ba-4c11-a313-69177595b5c3] AUDIT_SERVICE_URL = ''"
time="2023-06-20T15:35:45Z" level=info msg="[d20b4dba-63ba-4c11-a313-69177595b5c3] REFRESHER_SERVICE_HOST = ''"
time="2023-06-20T15:35:45Z" level=info msg="[d20b4dba-63ba-4c11-a313-69177595b5c3] REFRESHER_SERVICE_PORT = ''"
time="2023-06-20T15:35:45Z" level=info msg="[d20b4dba-63ba-4c11-a313-69177595b5c3] SQL_ENGINE_IP = ''"
time="2023-06-20T15:35:45Z" level=info msg="[d20b4dba-63ba-4c11-a313-69177595b5c3] SITE_URL = ''"
time="2023-06-20T15:35:45Z" level=info msg="[d20b4dba-63ba-4c11-a313-69177595b5c3] SQL_ENGINE_NAME = ''"
time="2023-06-20T15:35:45Z" level=info msg="==========================="
time="2023-06-20T15:36:36Z" level=info msg="MAIN>> ============= Starting Teradata Kernel =============="
time="2023-06-20T15:36:36Z" level=info msg="Build ID = 3.4.1-d05242023"
time="2023-06-20T15:36:36Z" level=info msg="Docker Mode =  standalone"
time="2023-06-20T15:36:36Z" level=info msg="JupyterLab root directory = /teradata/proyecto/jupyter"
time="2023-06-20T15:36:36Z" level=info msg="Teradata JupyterLab kernel config: /home/azureuser/.local/share/jupyter/runtime/kernel-a4cb8a3c-9f7e-49f4-a34f-df57c2d7b2df.json"
time="2023-06-20T15:36:36Z" level=info msg="DBViews =  ViewsVX"
time="2023-06-20T15:36:36Z" level=info msg="RunKernel, KERNEL ID [a4cb8a3c-9f7e-49f4-a34f-df57c2d7b2df]"
time="2023-06-20T15:36:36Z" level=info msg="==========================="
time="2023-06-20T15:36:36Z" level=info msg="[a4cb8a3c-9f7e-49f4-a34f-df57c2d7b2df] ACCESS_TOKEN length = 0"
time="2023-06-20T15:36:36Z" level=info msg="[a4cb8a3c-9f7e-49f4-a34f-df57c2d7b2df] SYSTEM_SERVICE_URL = ''"
time="2023-06-20T15:36:36Z" level=info msg="[a4cb8a3c-9f7e-49f4-a34f-df57c2d7b2df] AUDIT_SERVICE_URL = ''"
time="2023-06-20T15:36:36Z" level=info msg="[a4cb8a3c-9f7e-49f4-a34f-df57c2d7b2df] REFRESHER_SERVICE_HOST = ''"
time="2023-06-20T15:36:36Z" level=info msg="[a4cb8a3c-9f7e-49f4-a34f-df57c2d7b2df] REFRESHER_SERVICE_PORT = ''"
time="2023-06-20T15:36:36Z" level=info msg="[a4cb8a3c-9f7e-49f4-a34f-df57c2d7b2df] SQL_ENGINE_IP = ''"
time="2023-06-20T15:36:36Z" level=info msg="[a4cb8a3c-9f7e-49f4-a34f-df57c2d7b2df] SITE_URL = ''"
time="2023-06-20T15:36:36Z" level=info msg="[a4cb8a3c-9f7e-49f4-a34f-df57c2d7b2df] SQL_ENGINE_NAME = ''"
time="2023-06-20T15:36:36Z" level=info msg="==========================="
time="2023-06-20T15:36:36Z" level=info msg="MAIN>> ============= Starting Teradata Kernel =============="
time="2023-06-20T15:36:36Z" level=info msg="Build ID = 3.4.1-d05242023"
time="2023-06-20T15:36:36Z" level=info msg="Docker Mode =  standalone"
time="2023-06-20T15:36:36Z" level=info msg="JupyterLab root directory = /teradata/proyecto/jupyter"
time="2023-06-20T15:36:36Z" level=info msg="Teradata JupyterLab kernel config: /home/azureuser/.local/share/jupyter/runtime/kernel-fd799936-5f39-4ad2-8528-b50b6f8502f8.json"
time="2023-06-20T15:36:36Z" level=info msg="DBViews =  ViewsVX"
time="2023-06-20T15:36:36Z" level=info msg="RunKernel, KERNEL ID [fd799936-5f39-4ad2-8528-b50b6f8502f8]"
time="2023-06-20T15:36:36Z" level=info msg="==========================="
time="2023-06-20T15:36:36Z" level=info msg="[fd799936-5f39-4ad2-8528-b50b6f8502f8] ACCESS_TOKEN length = 0"
time="2023-06-20T15:36:36Z" level=info msg="[fd799936-5f39-4ad2-8528-b50b6f8502f8] SYSTEM_SERVICE_URL = ''"
time="2023-06-20T15:36:36Z" level=info msg="[fd799936-5f39-4ad2-8528-b50b6f8502f8] AUDIT_SERVICE_URL = ''"
time="2023-06-20T15:36:36Z" level=info msg="[fd799936-5f39-4ad2-8528-b50b6f8502f8] REFRESHER_SERVICE_HOST = ''"
time="2023-06-20T15:36:36Z" level=info msg="[fd799936-5f39-4ad2-8528-b50b6f8502f8] REFRESHER_SERVICE_PORT = ''"
time="2023-06-20T15:36:36Z" level=info msg="[fd799936-5f39-4ad2-8528-b50b6f8502f8] SQL_ENGINE_IP = ''"
time="2023-06-20T15:36:36Z" level=info msg="[fd799936-5f39-4ad2-8528-b50b6f8502f8] SITE_URL = ''"
time="2023-06-20T15:36:36Z" level=info msg="[fd799936-5f39-4ad2-8528-b50b6f8502f8] SQL_ENGINE_NAME = ''"
time="2023-06-20T15:36:36Z" level=info msg="==========================="
time="2023-06-20T15:36:56Z" level=info msg="MAIN>> ============= Starting Teradata Kernel =============="
time="2023-06-20T15:36:56Z" level=info msg="Build ID = 3.4.1-d05242023"
time="2023-06-20T15:36:56Z" level=info msg="Docker Mode =  standalone"
time="2023-06-20T15:36:56Z" level=info msg="JupyterLab root directory = /teradata/proyecto/jupyter"
time="2023-06-20T15:36:56Z" level=info msg="Teradata JupyterLab kernel config: /home/azureuser/.local/share/jupyter/runtime/kernel-d7f7b92e-2b9a-4c17-b425-07871f5594f3.json"
time="2023-06-20T15:36:56Z" level=info msg="DBViews =  ViewsVX"
time="2023-06-20T15:36:56Z" level=info msg="RunKernel, KERNEL ID [d7f7b92e-2b9a-4c17-b425-07871f5594f3]"
time="2023-06-20T15:36:56Z" level=info msg="==========================="
time="2023-06-20T15:36:56Z" level=info msg="[d7f7b92e-2b9a-4c17-b425-07871f5594f3] ACCESS_TOKEN length = 0"
time="2023-06-20T15:36:56Z" level=info msg="[d7f7b92e-2b9a-4c17-b425-07871f5594f3] SYSTEM_SERVICE_URL = ''"
time="2023-06-20T15:36:56Z" level=info msg="[d7f7b92e-2b9a-4c17-b425-07871f5594f3] AUDIT_SERVICE_URL = ''"
time="2023-06-20T15:36:56Z" level=info msg="[d7f7b92e-2b9a-4c17-b425-07871f5594f3] REFRESHER_SERVICE_HOST = ''"
time="2023-06-20T15:36:56Z" level=info msg="[d7f7b92e-2b9a-4c17-b425-07871f5594f3] REFRESHER_SERVICE_PORT = ''"
time="2023-06-20T15:36:56Z" level=info msg="[d7f7b92e-2b9a-4c17-b425-07871f5594f3] SQL_ENGINE_IP = ''"
time="2023-06-20T15:36:56Z" level=info msg="[d7f7b92e-2b9a-4c17-b425-07871f5594f3] SITE_URL = ''"
time="2023-06-20T15:36:56Z" level=info msg="[d7f7b92e-2b9a-4c17-b425-07871f5594f3] SQL_ENGINE_NAME = ''"
time="2023-06-20T15:36:56Z" level=info msg="==========================="
time="2023-06-20T15:36:56Z" level=info msg="MAIN>> ============= Starting Teradata Kernel =============="
time="2023-06-20T15:36:56Z" level=info msg="Build ID = 3.4.1-d05242023"
time="2023-06-20T15:36:56Z" level=info msg="Docker Mode =  standalone"
time="2023-06-20T15:36:56Z" level=info msg="JupyterLab root directory = /teradata/proyecto/jupyter"
time="2023-06-20T15:36:56Z" level=info msg="Teradata JupyterLab kernel config: /home/azureuser/.local/share/jupyter/runtime/kernel-31931955-e22d-41c0-87ca-dd990dd18a51.json"
time="2023-06-20T15:36:56Z" level=info msg="DBViews =  ViewsVX"
time="2023-06-20T15:36:56Z" level=info msg="RunKernel, KERNEL ID [31931955-e22d-41c0-87ca-dd990dd18a51]"
time="2023-06-20T15:36:56Z" level=info msg="==========================="
time="2023-06-20T15:36:56Z" level=info msg="[31931955-e22d-41c0-87ca-dd990dd18a51] ACCESS_TOKEN length = 0"
time="2023-06-20T15:36:56Z" level=info msg="[31931955-e22d-41c0-87ca-dd990dd18a51] SYSTEM_SERVICE_URL = ''"
time="2023-06-20T15:36:56Z" level=info msg="[31931955-e22d-41c0-87ca-dd990dd18a51] AUDIT_SERVICE_URL = ''"
time="2023-06-20T15:36:56Z" level=info msg="[31931955-e22d-41c0-87ca-dd990dd18a51] REFRESHER_SERVICE_HOST = ''"
time="2023-06-20T15:36:56Z" level=info msg="[31931955-e22d-41c0-87ca-dd990dd18a51] REFRESHER_SERVICE_PORT = ''"
time="2023-06-20T15:36:56Z" level=info msg="[31931955-e22d-41c0-87ca-dd990dd18a51] SQL_ENGINE_IP = ''"
time="2023-06-20T15:36:56Z" level=info msg="[31931955-e22d-41c0-87ca-dd990dd18a51] SITE_URL = ''"
time="2023-06-20T15:36:56Z" level=info msg="[31931955-e22d-41c0-87ca-dd990dd18a51] SQL_ENGINE_NAME = ''"
time="2023-06-20T15:36:56Z" level=info msg="==========================="
time="2023-06-20T15:37:08Z" level=info msg="[d7f7b92e-2b9a-4c17-b425-07871f5594f3] Kernel Interrupted"
time="2023-06-20T15:37:08Z" level=info msg="Initialize DataLoad Service, rowlimit = '100000', fastLoadRowLimit = '500000', fastLoadBlockSize = '10000000', fastLoadThreshold = '100000', fastLoadBatchSize = '100000'"
time="2023-06-20T15:37:08Z" level=info msg="[d7f7b92e-2b9a-4c17-b425-07871f5594f3] Shutting down"
time="2023-06-20T15:37:08Z" level=info msg="[d20b4dba-63ba-4c11-a313-69177595b5c3] Kernel Interrupted"
time="2023-06-20T15:37:08Z" level=info msg="Initialize DataLoad Service, rowlimit = '100000', fastLoadRowLimit = '500000', fastLoadBlockSize = '10000000', fastLoadThreshold = '100000', fastLoadBatchSize = '100000'"
time="2023-06-20T15:37:08Z" level=info msg="[d20b4dba-63ba-4c11-a313-69177595b5c3] Shutting down"
time="2023-06-20T15:37:08Z" level=info msg="[31931955-e22d-41c0-87ca-dd990dd18a51] Kernel Interrupted"
time="2023-06-20T15:37:08Z" level=info msg="Initialize DataLoad Service, rowlimit = '100000', fastLoadRowLimit = '500000', fastLoadBlockSize = '10000000', fastLoadThreshold = '100000', fastLoadBatchSize = '100000'"
time="2023-06-20T15:37:08Z" level=info msg="[31931955-e22d-41c0-87ca-dd990dd18a51] Shutting down"
time="2023-06-20T15:37:08Z" level=info msg="[a4cb8a3c-9f7e-49f4-a34f-df57c2d7b2df] Kernel Interrupted"
time="2023-06-20T15:37:08Z" level=info msg="Initialize DataLoad Service, rowlimit = '100000', fastLoadRowLimit = '500000', fastLoadBlockSize = '10000000', fastLoadThreshold = '100000', fastLoadBatchSize = '100000'"
time="2023-06-20T15:37:08Z" level=info msg="[fd799936-5f39-4ad2-8528-b50b6f8502f8] Kernel Interrupted"
time="2023-06-20T15:37:08Z" level=info msg="Initialize DataLoad Service, rowlimit = '100000', fastLoadRowLimit = '500000', fastLoadBlockSize = '10000000', fastLoadThreshold = '100000', fastLoadBatchSize = '100000'"
time="2023-06-20T15:37:08Z" level=info msg="[a4cb8a3c-9f7e-49f4-a34f-df57c2d7b2df] Shutting down"
time="2023-06-20T15:37:08Z" level=info msg="[fd799936-5f39-4ad2-8528-b50b6f8502f8] Shutting down"
time="2023-06-20T15:37:08Z" level=info msg="[4a7155a2-a602-4154-894b-5fda8d1a4978] Kernel Interrupted"
time="2023-06-20T15:37:08Z" level=info msg="Initialize DataLoad Service, rowlimit = '100000', fastLoadRowLimit = '500000', fastLoadBlockSize = '10000000', fastLoadThreshold = '100000', fastLoadBatchSize = '100000'"
time="2023-06-20T15:37:08Z" level=info msg="[4a7155a2-a602-4154-894b-5fda8d1a4978] Shutting down"
time="2023-06-20T15:37:20Z" level=info msg="TD_CONFIG not set\n"
time="2023-06-20T15:37:20Z" level=info msg="MAIN>> ============= Starting Teradata Kernel =============="
time="2023-06-20T15:37:20Z" level=info msg="Build ID = 3.4.1-d05242023"
time="2023-06-20T15:37:20Z" level=info msg="Docker Mode =  standalone"
time="2023-06-20T15:37:20Z" level=info msg="JupyterLab root directory = /teradata/proyecto/jupyter"
time="2023-06-20T15:37:20Z" level=info msg="Teradata JupyterLab kernel config: /home/azureuser/.local/share/jupyter/runtime/kernel-6b7b350f-7eee-4959-ada1-be1e8231083f.json"
time="2023-06-20T15:37:20Z" level=info msg="DBViews =  ViewsVX"
time="2023-06-20T15:37:20Z" level=info msg="RunKernel, KERNEL ID [6b7b350f-7eee-4959-ada1-be1e8231083f]"
time="2023-06-20T15:37:20Z" level=info msg="==========================="
time="2023-06-20T15:37:20Z" level=info msg="[6b7b350f-7eee-4959-ada1-be1e8231083f] ACCESS_TOKEN length = 0"
time="2023-06-20T15:37:20Z" level=info msg="[6b7b350f-7eee-4959-ada1-be1e8231083f] SYSTEM_SERVICE_URL = ''"
time="2023-06-20T15:37:20Z" level=info msg="[6b7b350f-7eee-4959-ada1-be1e8231083f] AUDIT_SERVICE_URL = ''"
time="2023-06-20T15:37:20Z" level=info msg="[6b7b350f-7eee-4959-ada1-be1e8231083f] REFRESHER_SERVICE_HOST = ''"
time="2023-06-20T15:37:20Z" level=info msg="[6b7b350f-7eee-4959-ada1-be1e8231083f] REFRESHER_SERVICE_PORT = ''"
time="2023-06-20T15:37:20Z" level=info msg="[6b7b350f-7eee-4959-ada1-be1e8231083f] SQL_ENGINE_IP = ''"
time="2023-06-20T15:37:20Z" level=info msg="[6b7b350f-7eee-4959-ada1-be1e8231083f] SITE_URL = ''"
time="2023-06-20T15:37:20Z" level=info msg="[6b7b350f-7eee-4959-ada1-be1e8231083f] SQL_ENGINE_NAME = ''"
time="2023-06-20T15:37:20Z" level=info msg="==========================="
time="2023-06-20T15:37:21Z" level=info msg="MAIN>> ============= Starting Teradata Kernel =============="
time="2023-06-20T15:37:21Z" level=info msg="Build ID = 3.4.1-d05242023"
time="2023-06-20T15:37:21Z" level=info msg="Docker Mode =  standalone"
time="2023-06-20T15:37:21Z" level=info msg="JupyterLab root directory = /teradata/proyecto/jupyter"
time="2023-06-20T15:37:21Z" level=info msg="Teradata JupyterLab kernel config: /home/azureuser/.local/share/jupyter/runtime/kernel-347b6986-32c5-4c19-977d-2a80bc615d97.json"
time="2023-06-20T15:37:21Z" level=info msg="DBViews =  ViewsVX"
time="2023-06-20T15:37:21Z" level=info msg="RunKernel, KERNEL ID [347b6986-32c5-4c19-977d-2a80bc615d97]"
time="2023-06-20T15:37:21Z" level=info msg="==========================="
time="2023-06-20T15:37:21Z" level=info msg="[347b6986-32c5-4c19-977d-2a80bc615d97] ACCESS_TOKEN length = 0"
time="2023-06-20T15:37:21Z" level=info msg="[347b6986-32c5-4c19-977d-2a80bc615d97] SYSTEM_SERVICE_URL = ''"
time="2023-06-20T15:37:21Z" level=info msg="[347b6986-32c5-4c19-977d-2a80bc615d97] AUDIT_SERVICE_URL = ''"
time="2023-06-20T15:37:21Z" level=info msg="[347b6986-32c5-4c19-977d-2a80bc615d97] REFRESHER_SERVICE_HOST = ''"
time="2023-06-20T15:37:21Z" level=info msg="[347b6986-32c5-4c19-977d-2a80bc615d97] REFRESHER_SERVICE_PORT = ''"
time="2023-06-20T15:37:21Z" level=info msg="[347b6986-32c5-4c19-977d-2a80bc615d97] SQL_ENGINE_IP = ''"
time="2023-06-20T15:37:21Z" level=info msg="[347b6986-32c5-4c19-977d-2a80bc615d97] SITE_URL = ''"
time="2023-06-20T15:37:21Z" level=info msg="[347b6986-32c5-4c19-977d-2a80bc615d97] SQL_ENGINE_NAME = ''"
time="2023-06-20T15:37:21Z" level=info msg="==========================="
