[0m16:30:22.084616 [debug] [MainThread]: Sending event: {'category': 'dbt', 'action': 'invocation', 'label': 'start', 'context': [<snowplow_tracker.self_describing_json.SelfDescribingJson object at 0x7f4619845a20>, <snowplow_tracker.self_describing_json.SelfDescribingJson object at 0x7f46176ab820>, <snowplow_tracker.self_describing_json.SelfDescribingJson object at 0x7f46176ab8b0>]}


============================== 16:30:22.087970 | afcd136d-f9c5-4815-8a08-5ab225a955c4 ==============================
[0m16:30:22.087970 [info ] [MainThread]: Running with dbt=1.6.0-b4
[0m16:30:22.088736 [debug] [MainThread]: running dbt with arguments {'printer_width': '80', 'indirect_selection': 'eager', 'write_json': 'True', 'log_cache_events': 'False', 'partial_parse': 'True', 'cache_selected_only': 'False', 'profiles_dir': '/home/azureuser/.dbt', 'debug': 'False', 'warn_error': 'None', 'log_path': 'logs', 'version_check': 'True', 'fail_fast': 'False', 'use_colors': 'True', 'use_experimental_parser': 'False', 'no_print': 'None', 'quiet': 'False', 'log_format': 'default', 'introspect': 'True', 'warn_error_options': 'WarnErrorOptions(include=[], exclude=[])', 'static_parser': 'True', 'target_path': 'None', 'send_anonymous_usage_stats': 'True'}
[0m16:30:22.089254 [warn ] [MainThread]: [ConfigFolderDirectory]: Unable to parse dict {'dir': PosixPath('/home/azureuser/.dbt')}
[0m16:30:22.089780 [info ] [MainThread]: Creating dbt configuration folder at 
[0m16:31:00.928624 [debug] [MainThread]: Starter project path: /usr/lib/python3.10/site-packages/dbt/include/starter_project
[0m16:31:00.931707 [info ] [MainThread]: 
Your new dbt project "epm" was created!

For more information on how to configure the profiles.yml file,
please consult the dbt documentation here:

  https://docs.getdbt.com/docs/configure-your-profile

One more thing:

Need help? Don't hesitate to reach out to us via GitHub issues or on Slack:

  https://community.getdbt.com/

Happy modeling!

[0m16:31:00.932425 [info ] [MainThread]: Setting up your profile.
[0m16:31:30.948073 [error] [MainThread]: Encountered an error:

[0m16:31:30.949833 [error] [MainThread]: Traceback (most recent call last):
  File "/usr/lib/python3.10/site-packages/dbt/cli/requires.py", line 86, in wrapper
    result, success = func(*args, **kwargs)
  File "/usr/lib/python3.10/site-packages/dbt/cli/requires.py", line 71, in wrapper
    return func(*args, **kwargs)
  File "/usr/lib/python3.10/site-packages/dbt/cli/main.py", line 465, in init
    results = task.run()
  File "/usr/lib/python3.10/site-packages/dbt/task/init.py", line 307, in run
    adapter = self.ask_for_adapter_choice()
  File "/usr/lib/python3.10/site-packages/dbt/task/init.py", line 233, in ask_for_adapter_choice
    numeric_choice = click.prompt(prompt_msg, type=click.INT)
  File "/usr/lib/python3.10/site-packages/click/termui.py", line 166, in prompt
    value = prompt_func(prompt)
  File "/usr/lib/python3.10/site-packages/click/termui.py", line 149, in prompt_func
    raise Abort() from None
click.exceptions.Abort

[0m16:31:30.950906 [debug] [MainThread]: Command `dbt init` failed at 16:31:30.950742 after 68.87 seconds
[0m16:31:30.951415 [debug] [MainThread]: Sending event: {'category': 'dbt', 'action': 'invocation', 'label': 'end', 'context': [<snowplow_tracker.self_describing_json.SelfDescribingJson object at 0x7f4619845a20>, <snowplow_tracker.self_describing_json.SelfDescribingJson object at 0x7f46176ab7f0>, <snowplow_tracker.self_describing_json.SelfDescribingJson object at 0x7f46176ab670>]}
[0m16:31:30.951944 [debug] [MainThread]: Flushing usage events


============================== 2023-06-20 17:07:41.838808 | d52b017d-befa-4b0f-8e7f-ecc60da39619 ==============================
[0m17:07:41.838821 [info ] [MainThread]: Running with dbt=1.3.3
[0m17:07:41.839460 [debug] [MainThread]: running dbt with arguments {'write_json': True, 'use_colors': True, 'printer_width': 80, 'version_check': True, 'partial_parse': True, 'static_parser': True, 'profiles_dir': '/home/azureuser/.dbt', 'send_anonymous_usage_stats': True, 'event_buffer_size': 100000, 'quiet': False, 'no_print': False, 'cache_selected_only': False, 'skip_profile_setup': False, 'which': 'init', 'indirect_selection': 'eager'}
[0m17:07:41.839774 [debug] [MainThread]: Tracking: tracking
[0m17:07:41.893160 [debug] [MainThread]: Sending event: {'category': 'dbt', 'action': 'invocation', 'label': 'start', 'context': [<snowplow_tracker.self_describing_json.SelfDescribingJson object at 0x7f17a0a24bb0>, <snowplow_tracker.self_describing_json.SelfDescribingJson object at 0x7f17a0a24910>, <snowplow_tracker.self_describing_json.SelfDescribingJson object at 0x7f17a0a24940>]}
[0m17:07:47.294855 [debug] [MainThread]: Starter project path: /teradata/proyecto/dbt/env/lib/python3.8/site-packages/dbt/include/starter_project
[0m17:07:53.337545 [info ] [MainThread]: Profile epm written to /home/azureuser/.dbt/profiles.yml using target's sample configuration. Once updated, you'll be able to start developing with dbt.
[0m17:07:53.338069 [info ] [MainThread]: 
Your new dbt project "epm" was created!

For more information on how to configure the profiles.yml file,
please consult the dbt documentation here:

  https://docs.getdbt.com/docs/configure-your-profile

One more thing:

Need help? Don't hesitate to reach out to us via GitHub issues or on Slack:

  https://community.getdbt.com/

Happy modeling!

[0m17:07:53.338579 [debug] [MainThread]: Sending event: {'category': 'dbt', 'action': 'invocation', 'label': 'end', 'context': [<snowplow_tracker.self_describing_json.SelfDescribingJson object at 0x7f17a0a24970>, <snowplow_tracker.self_describing_json.SelfDescribingJson object at 0x7f17a0a24610>, <snowplow_tracker.self_describing_json.SelfDescribingJson object at 0x7f17a0a24700>]}
[0m17:07:53.338883 [debug] [MainThread]: Flushing usage events
